\BOOKMARK [0][]{chapter.1}{1 Introduction}{}% 1
\BOOKMARK [1][-]{section.1.1}{1.1 Motivation}{chapter.1}% 2
\BOOKMARK [1][-]{section.1.2}{1.2 Problem Statement}{chapter.1}% 3
\BOOKMARK [1][-]{section.1.3}{1.3 The Human Brain Project}{chapter.1}% 4
\BOOKMARK [1][-]{section.1.4}{1.4 Overview}{chapter.1}% 5
\BOOKMARK [0][]{chapter.2}{2 Background}{}% 6
\BOOKMARK [1][-]{section.2.1}{2.1 Probabilistic Graphical Models}{chapter.2}% 7
\BOOKMARK [2][-]{subsection.2.1.1}{2.1.1 Bayesian network}{section.2.1}% 8
\BOOKMARK [2][-]{subsection.2.1.2}{2.1.2 Markov Random Field}{section.2.1}% 9
\BOOKMARK [2][-]{subsection.2.1.3}{2.1.3 Energy-Based Models}{section.2.1}% 10
\BOOKMARK [2][-]{subsection.2.1.4}{2.1.4 Sampling}{section.2.1}% 11
\BOOKMARK [1][-]{section.2.2}{2.2 Neural Networks}{chapter.2}% 12
\BOOKMARK [2][-]{subsection.2.2.1}{2.2.1 Natural}{section.2.2}% 13
\BOOKMARK [2][-]{subsection.2.2.2}{2.2.2 Time discrete}{section.2.2}% 14
\BOOKMARK [2][-]{subsection.2.2.3}{2.2.3 Continuous}{section.2.2}% 15
\BOOKMARK [0][]{chapter.3}{3 Related Work}{}% 16
\BOOKMARK [1][-]{section.3.1}{3.1 Convolutional RBM}{chapter.3}% 17
\BOOKMARK [1][-]{section.3.2}{3.2 Sampling in SNNs}{chapter.3}% 18
\BOOKMARK [1][-]{section.3.3}{3.3 NN -> SNN conversion}{chapter.3}% 19
\BOOKMARK [1][-]{section.3.4}{3.4 eCD and Sampling Machines}{chapter.3}% 20
\BOOKMARK [0][]{chapter.4}{4 Approach}{}% 21
\BOOKMARK [1][-]{section.4.1}{4.1 Conversion}{chapter.4}% 22
\BOOKMARK [2][-]{subsection.4.1.1}{4.1.1 Conv DBNs}{section.4.1}% 23
\BOOKMARK [2][-]{subsection.4.1.2}{4.1.2 Conversion}{section.4.1}% 24
\BOOKMARK [1][-]{section.4.2}{4.2 eCD}{chapter.4}% 25
\BOOKMARK [2][-]{subsection.4.2.1}{4.2.1 Convolution}{section.4.2}% 26
\BOOKMARK [2][-]{subsection.4.2.2}{4.2.2 DBMs}{section.4.2}% 27
\BOOKMARK [0][]{chapter.5}{5 Implementation}{}% 28
\BOOKMARK [1][-]{section.5.1}{5.1 Discrete DBNs}{chapter.5}% 29
\BOOKMARK [1][-]{section.5.2}{5.2 Conversion}{chapter.5}% 30
\BOOKMARK [1][-]{section.5.3}{5.3 eCD}{chapter.5}% 31
\BOOKMARK [0][]{chapter.6}{6 Experiments\046Results}{}% 32
\BOOKMARK [1][-]{section.6.1}{6.1 Datasets}{chapter.6}% 33
\BOOKMARK [2][-]{subsection.6.1.1}{6.1.1 1x4 Dataset}{section.6.1}% 34
\BOOKMARK [2][-]{subsection.6.1.2}{6.1.2 Strip Dataset}{section.6.1}% 35
\BOOKMARK [2][-]{subsection.6.1.3}{6.1.3 MNIST}{section.6.1}% 36
\BOOKMARK [1][-]{section.6.2}{6.2 Experiments}{chapter.6}% 37
\BOOKMARK [2][-]{subsection.6.2.1}{6.2.1 Convolution vs no Convolution}{section.6.2}% 38
\BOOKMARK [2][-]{subsection.6.2.2}{6.2.2 Lateral connections}{section.6.2}% 39
\BOOKMARK [2][-]{subsection.6.2.3}{6.2.3 Hidden sparsity/ learning the data distribution}{section.6.2}% 40
\BOOKMARK [0][]{chapter.7}{7 Conclusion and Outlook}{}% 41
\BOOKMARK [1][-]{section.7.1}{7.1 Biological plausibility}{chapter.7}% 42
\BOOKMARK [0][]{appendix.A}{A Some appendix}{}% 43
\BOOKMARK [1][-]{section.A.1}{A.1 \(if needed\)}{appendix.A}% 44
\BOOKMARK [0][]{appendix.B}{B List of Figures}{}% 45
\BOOKMARK [0][]{appendix.C}{C List of Tables}{}% 46
\BOOKMARK [0][]{appendix.D}{D Bibliography}{}% 47
